# JRE version: 7.0_25-b17
# Java VM: Java HotSpot(TM) 64-Bit Server VM (23.25-b01 mixed mode windows-amd64 compressed oops)
Heap
 PSYoungGen      total 140160K, used 93635K [0x00000000eaab0000, 0x00000000f3db0000, 0x0000000100000000)
  eden space 130304K, 68% used [0x00000000eaab0000,0x00000000f019ec38,0x00000000f29f0000)
  from space 9856K, 46% used [0x00000000f29f0000,0x00000000f2e720e0,0x00000000f3390000)
  to   space 9344K, 0% used [0x00000000f3390000,0x00000000f3390000,0x00000000f3cb0000)
 ParOldGen       total 86912K, used 10933K [0x00000000c0000000, 0x00000000c54e0000, 0x00000000eaab0000)
  object space 86912K, 12% used [0x00000000c0000000,0x00000000c0aad490,0x00000000c54e0000)
 PSPermGen       total 23936K, used 23815K [0x00000000b0000000, 0x00000000b1760000, 0x00000000c0000000)
  object space 23936K, 99% used [0x00000000b0000000,0x00000000b1742140,0x00000000b1760000)
GC Heap History (10 events):
Event: 3.137 GC heap before
{Heap before GC invocations=3 (full 0):
 PSYoungGen      total 38080K, used 38049K [0x00000000eaab0000, 0x00000000ed520000, 0x0000000100000000)
  eden space 32704K, 100% used [0x00000000eaab0000,0x00000000ecaa0000,0x00000000ecaa0000)
  from space 5376K, 99% used [0x00000000ecfe0000,0x00000000ed518420,0x00000000ed520000)
  to   space 5376K, 0% used [0x00000000ecaa0000,0x00000000ecaa0000,0x00000000ecfe0000)
 ParOldGen       total 86912K, used 2080K [0x00000000c0000000, 0x00000000c54e0000, 0x00000000eaab0000)
  object space 86912K, 2% used [0x00000000c0000000,0x00000000c02080d8,0x00000000c54e0000)
 PSPermGen       total 21248K, used 18614K [0x00000000b0000000, 0x00000000b14c0000, 0x00000000c0000000)
  object space 21248K, 87% used [0x00000000b0000000,0x00000000b122d990,0x00000000b14c0000)
Event: 3.156 GC heap after
Heap after GC invocations=3 (full 0):
 PSYoungGen      total 38080K, used 5360K [0x00000000eaab0000, 0x00000000ef510000, 0x0000000100000000)
  eden space 32704K, 0% used [0x00000000eaab0000,0x00000000eaab0000,0x00000000ecaa0000)
  from space 5376K, 99% used [0x00000000ecaa0000,0x00000000ecfdc010,0x00000000ecfe0000)
  to   space 5376K, 0% used [0x00000000eefd0000,0x00000000eefd0000,0x00000000ef510000)
 ParOldGen       total 86912K, used 4748K [0x00000000c0000000, 0x00000000c54e0000, 0x00000000eaab0000)
  object space 86912K, 5% used [0x00000000c0000000,0x00000000c04a3120,0x00000000c54e0000)
 PSPermGen       total 21248K, used 18614K [0x00000000b0000000, 0x00000000b14c0000, 0x00000000c0000000)
  object space 21248K, 87% used [0x00000000b0000000,0x00000000b122d990,0x00000000b14c0000)
}
Event: 3.607 GC heap before
{Heap before GC invocations=4 (full 0):
 PSYoungGen      total 38080K, used 38064K [0x00000000eaab0000, 0x00000000ef510000, 0x0000000100000000)
  eden space 32704K, 100% used [0x00000000eaab0000,0x00000000ecaa0000,0x00000000ecaa0000)
  from space 5376K, 99% used [0x00000000ecaa0000,0x00000000ecfdc010,0x00000000ecfe0000)
  to   space 5376K, 0% used [0x00000000eefd0000,0x00000000eefd0000,0x00000000ef510000)
 ParOldGen       total 86912K, used 4748K [0x00000000c0000000, 0x00000000c54e0000, 0x00000000eaab0000)
  object space 86912K, 5% used [0x00000000c0000000,0x00000000c04a3120,0x00000000c54e0000)
 PSPermGen       total 21248K, used 21189K [0x00000000b0000000, 0x00000000b14c0000, 0x00000000c0000000)
  object space 21248K, 99% used [0x00000000b0000000,0x00000000b14b17c8,0x00000000b14c0000)
Event: 3.622 GC heap after
Heap after GC invocations=4 (full 0):
 PSYoungGen      total 70784K, used 5368K [0x00000000eaab0000, 0x00000000ef510000, 0x0000000100000000)
  eden space 65408K, 0% used [0x00000000eaab0000,0x00000000eaab0000,0x00000000eea90000)
  from space 5376K, 99% used [0x00000000eefd0000,0x00000000ef50e0f0,0x00000000ef510000)
  to   space 5376K, 0% used [0x00000000eea90000,0x00000000eea90000,0x00000000eefd0000)
 ParOldGen       total 86912K, used 7224K [0x00000000c0000000, 0x00000000c54e0000, 0x00000000eaab0000)
  object space 86912K, 8% used [0x00000000c0000000,0x00000000c070e3d8,0x00000000c54e0000)
 PSPermGen       total 21248K, used 21189K [0x00000000b0000000, 0x00000000b14c0000, 0x00000000c0000000)
  object space 21248K, 99% used [0x00000000b0000000,0x00000000b14b17c8,0x00000000b14c0000)
}
Event: 3.892 GC heap before
{Heap before GC invocations=5 (full 0):
 PSYoungGen      total 70784K, used 70776K [0x00000000eaab0000, 0x00000000ef510000, 0x0000000100000000)
  eden space 65408K, 100% used [0x00000000eaab0000,0x00000000eea90000,0x00000000eea90000)
  from space 5376K, 99% used [0x00000000eefd0000,0x00000000ef50e0f0,0x00000000ef510000)
  to   space 5376K, 0% used [0x00000000eea90000,0x00000000eea90000,0x00000000eefd0000)
 ParOldGen       total 86912K, used 7224K [0x00000000c0000000, 0x00000000c54e0000, 0x00000000eaab0000)
  object space 86912K, 8% used [0x00000000c0000000,0x00000000c070e3d8,0x00000000c54e0000)
 PSPermGen       total 21248K, used 21197K [0x00000000b0000000, 0x00000000b14c0000, 0x00000000c0000000)
  object space 21248K, 99% used [0x00000000b0000000,0x00000000b14b3710,0x00000000b14c0000)
Event: 3.928 GC heap after
Heap after GC invocations=5 (full 0):
 PSYoungGen      total 70784K, used 5364K [0x00000000eaab0000, 0x00000000f3cb0000, 0x0000000100000000)
  eden space 65408K, 0% used [0x00000000eaab0000,0x00000000eaab0000,0x00000000eea90000)
  from space 5376K, 99% used [0x00000000eea90000,0x00000000eefcd0d0,0x00000000eefd0000)
  to   space 9344K, 0% used [0x00000000f3390000,0x00000000f3390000,0x00000000f3cb0000)
 ParOldGen       total 86912K, used 7529K [0x00000000c0000000, 0x00000000c54e0000, 0x00000000eaab0000)
  object space 86912K, 8% used [0x00000000c0000000,0x00000000c075a408,0x00000000c54e0000)
 PSPermGen       total 21248K, used 21197K [0x00000000b0000000, 0x00000000b14c0000, 0x00000000c0000000)
  object space 21248K, 99% used [0x00000000b0000000,0x00000000b14b3710,0x00000000b14c0000)
}
Event: 4.979 GC heap before
{Heap before GC invocations=6 (full 0):
 PSYoungGen      total 70784K, used 70772K [0x00000000eaab0000, 0x00000000f3cb0000, 0x0000000100000000)
  eden space 65408K, 100% used [0x00000000eaab0000,0x00000000eea90000,0x00000000eea90000)
  from space 5376K, 99% used [0x00000000eea90000,0x00000000eefcd0d0,0x00000000eefd0000)
  to   space 9344K, 0% used [0x00000000f3390000,0x00000000f3390000,0x00000000f3cb0000)
 ParOldGen       total 86912K, used 7529K [0x00000000c0000000, 0x00000000c54e0000, 0x00000000eaab0000)
  object space 86912K, 8% used [0x00000000c0000000,0x00000000c075a408,0x00000000c54e0000)
 PSPermGen       total 23360K, used 23202K [0x00000000b0000000, 0x00000000b16d0000, 0x00000000c0000000)
  object space 23360K, 99% used [0x00000000b0000000,0x00000000b16a8b48,0x00000000b16d0000)
Event: 5.054 GC heap after
Heap after GC invocations=6 (full 0):
 PSYoungGen      total 139648K, used 8465K [0x00000000eaab0000, 0x00000000f3db0000, 0x0000000100000000)
  eden space 130304K, 0% used [0x00000000eaab0000,0x00000000eaab0000,0x00000000f29f0000)
  from space 9344K, 90% used [0x00000000f3390000,0x00000000f3bd4580,0x00000000f3cb0000)
  to   space 9856K, 0% used [0x00000000f29f0000,0x00000000f29f0000,0x00000000f3390000)
 ParOldGen       total 86912K, used 7537K [0x00000000c0000000, 0x00000000c54e0000, 0x00000000eaab0000)
  object space 86912K, 8% used [0x00000000c0000000,0x00000000c075c408,0x00000000c54e0000)
 PSPermGen       total 23360K, used 23202K [0x00000000b0000000, 0x00000000b16d0000, 0x00000000c0000000)
  object space 23360K, 99% used [0x00000000b0000000,0x00000000b16a8b48,0x00000000b16d0000)
}
Event: 5.479 GC heap before
{Heap before GC invocations=7 (full 0):
 PSYoungGen      total 139648K, used 138769K [0x00000000eaab0000, 0x00000000f3db0000, 0x0000000100000000)
  eden space 130304K, 100% used [0x00000000eaab0000,0x00000000f29f0000,0x00000000f29f0000)
  from space 9344K, 90% used [0x00000000f3390000,0x00000000f3bd4580,0x00000000f3cb0000)
  to   space 9856K, 0% used [0x00000000f29f0000,0x00000000f29f0000,0x00000000f3390000)
 ParOldGen       total 86912K, used 7537K [0x00000000c0000000, 0x00000000c54e0000, 0x00000000eaab0000)
  object space 86912K, 8% used [0x00000000c0000000,0x00000000c075c408,0x00000000c54e0000)
 PSPermGen       total 23360K, used 23232K [0x00000000b0000000, 0x00000000b16d0000, 0x00000000c0000000)
  object space 23360K, 99% used [0x00000000b0000000,0x00000000b16b00d0,0x00000000b16d0000)
Event: 5.486 GC heap after
Heap after GC invocations=7 (full 0):
 PSYoungGen      total 140160K, used 4616K [0x00000000eaab0000, 0x00000000f3db0000, 0x0000000100000000)
  eden space 130304K, 0% used [0x00000000eaab0000,0x00000000eaab0000,0x00000000f29f0000)
  from space 9856K, 46% used [0x00000000f29f0000,0x00000000f2e720e0,0x00000000f3390000)
  to   space 9344K, 0% used [0x00000000f3390000,0x00000000f3390000,0x00000000f3cb0000)
 ParOldGen       total 86912K, used 10933K [0x00000000c0000000, 0x00000000c54e0000, 0x00000000eaab0000)
  object space 86912K, 12% used [0x00000000c0000000,0x00000000c0aad490,0x00000000c54e0000)
 PSPermGen       total 23360K, used 23232K [0x00000000b0000000, 0x00000000b16d0000, 0x00000000c0000000)
  object space 23360K, 99% used [0x00000000b0000000,0x00000000b16b00d0,0x00000000b16d0000)
}

