# JRE version: 7.0_25-b17
# Java VM: Java HotSpot(TM) 64-Bit Server VM (23.25-b01 mixed mode windows-amd64 compressed oops)
Heap
 PSYoungGen      total 38080K, used 13228K [0x00000000eaab0000, 0x00000000ef510000, 0x0000000100000000)
  eden space 32704K, 24% used [0x00000000eaab0000,0x00000000eb272128,0x00000000ecaa0000)
  from space 5376K, 98% used [0x00000000ecaa0000,0x00000000ecfc8f28,0x00000000ecfe0000)
  to   space 5376K, 0% used [0x00000000eefd0000,0x00000000eefd0000,0x00000000ef510000)
 ParOldGen       total 86912K, used 14748K [0x00000000c0000000, 0x00000000c54e0000, 0x00000000eaab0000)
  object space 86912K, 16% used [0x00000000c0000000,0x00000000c0e67340,0x00000000c54e0000)
 PSPermGen       total 21248K, used 7341K [0x00000000bae00000, 0x00000000bc2c0000, 0x00000000c0000000)
  object space 21248K, 34% used [0x00000000bae00000,0x00000000bb52b738,0x00000000bc2c0000)
GC Heap History (6 events):
Event: 0.775 GC heap before
{Heap before GC invocations=1 (full 0):
 PSYoungGen      total 38080K, used 32704K [0x00000000eaab0000, 0x00000000ed520000, 0x0000000100000000)
  eden space 32704K, 100% used [0x00000000eaab0000,0x00000000ecaa0000,0x00000000ecaa0000)
  from space 5376K, 0% used [0x00000000ecfe0000,0x00000000ecfe0000,0x00000000ed520000)
  to   space 5376K, 0% used [0x00000000ecaa0000,0x00000000ecaa0000,0x00000000ecfe0000)
 ParOldGen       total 86912K, used 0K [0x00000000c0000000, 0x00000000c54e0000, 0x00000000eaab0000)
  object space 86912K, 0% used [0x00000000c0000000,0x00000000c0000000,0x00000000c54e0000)
 PSPermGen       total 21248K, used 5247K [0x00000000bae00000, 0x00000000bc2c0000, 0x00000000c0000000)
  object space 21248K, 24% used [0x00000000bae00000,0x00000000bb31fd50,0x00000000bc2c0000)
Event: 0.780 GC heap after
Heap after GC invocations=1 (full 0):
 PSYoungGen      total 38080K, used 5371K [0x00000000eaab0000, 0x00000000ed520000, 0x0000000100000000)
  eden space 32704K, 0% used [0x00000000eaab0000,0x00000000eaab0000,0x00000000ecaa0000)
  from space 5376K, 99% used [0x00000000ecaa0000,0x00000000ecfdecb8,0x00000000ecfe0000)
  to   space 5376K, 0% used [0x00000000ecfe0000,0x00000000ecfe0000,0x00000000ed520000)
 ParOldGen       total 86912K, used 884K [0x00000000c0000000, 0x00000000c54e0000, 0x00000000eaab0000)
  object space 86912K, 1% used [0x00000000c0000000,0x00000000c00dd170,0x00000000c54e0000)
 PSPermGen       total 21248K, used 5247K [0x00000000bae00000, 0x00000000bc2c0000, 0x00000000c0000000)
  object space 21248K, 24% used [0x00000000bae00000,0x00000000bb31fd50,0x00000000bc2c0000)
}
Event: 1.291 GC heap before
{Heap before GC invocations=2 (full 0):
 PSYoungGen      total 38080K, used 38075K [0x00000000eaab0000, 0x00000000ed520000, 0x0000000100000000)
  eden space 32704K, 100% used [0x00000000eaab0000,0x00000000ecaa0000,0x00000000ecaa0000)
  from space 5376K, 99% used [0x00000000ecaa0000,0x00000000ecfdecb8,0x00000000ecfe0000)
  to   space 5376K, 0% used [0x00000000ecfe0000,0x00000000ecfe0000,0x00000000ed520000)
 ParOldGen       total 86912K, used 884K [0x00000000c0000000, 0x00000000c54e0000, 0x00000000eaab0000)
  object space 86912K, 1% used [0x00000000c0000000,0x00000000c00dd170,0x00000000c54e0000)
 PSPermGen       total 21248K, used 5812K [0x00000000bae00000, 0x00000000bc2c0000, 0x00000000c0000000)
  object space 21248K, 27% used [0x00000000bae00000,0x00000000bb3ad010,0x00000000bc2c0000)
Event: 1.313 GC heap after
Heap after GC invocations=2 (full 0):
 PSYoungGen      total 38080K, used 5344K [0x00000000eaab0000, 0x00000000ed520000, 0x0000000100000000)
  eden space 32704K, 0% used [0x00000000eaab0000,0x00000000eaab0000,0x00000000ecaa0000)
  from space 5376K, 99% used [0x00000000ecfe0000,0x00000000ed518010,0x00000000ed520000)
  to   space 5376K, 0% used [0x00000000ecaa0000,0x00000000ecaa0000,0x00000000ecfe0000)
 ParOldGen       total 86912K, used 6769K [0x00000000c0000000, 0x00000000c54e0000, 0x00000000eaab0000)
  object space 86912K, 7% used [0x00000000c0000000,0x00000000c069c480,0x00000000c54e0000)
 PSPermGen       total 21248K, used 5812K [0x00000000bae00000, 0x00000000bc2c0000, 0x00000000c0000000)
  object space 21248K, 27% used [0x00000000bae00000,0x00000000bb3ad010,0x00000000bc2c0000)
}
Event: 1.825 GC heap before
{Heap before GC invocations=3 (full 0):
 PSYoungGen      total 38080K, used 38048K [0x00000000eaab0000, 0x00000000ed520000, 0x0000000100000000)
  eden space 32704K, 100% used [0x00000000eaab0000,0x00000000ecaa0000,0x00000000ecaa0000)
  from space 5376K, 99% used [0x00000000ecfe0000,0x00000000ed518010,0x00000000ed520000)
  to   space 5376K, 0% used [0x00000000ecaa0000,0x00000000ecaa0000,0x00000000ecfe0000)
 ParOldGen       total 86912K, used 6769K [0x00000000c0000000, 0x00000000c54e0000, 0x00000000eaab0000)
  object space 86912K, 7% used [0x00000000c0000000,0x00000000c069c480,0x00000000c54e0000)
 PSPermGen       total 21248K, used 7338K [0x00000000bae00000, 0x00000000bc2c0000, 0x00000000c0000000)
  object space 21248K, 34% used [0x00000000bae00000,0x00000000bb52a900,0x00000000bc2c0000)
Event: 1.830 GC heap after
Heap after GC invocations=3 (full 0):
 PSYoungGen      total 38080K, used 5283K [0x00000000eaab0000, 0x00000000ef510000, 0x0000000100000000)
  eden space 32704K, 0% used [0x00000000eaab0000,0x00000000eaab0000,0x00000000ecaa0000)
  from space 5376K, 98% used [0x00000000ecaa0000,0x00000000ecfc8f28,0x00000000ecfe0000)
  to   space 5376K, 0% used [0x00000000eefd0000,0x00000000eefd0000,0x00000000ef510000)
 ParOldGen       total 86912K, used 14748K [0x00000000c0000000, 0x00000000c54e0000, 0x00000000eaab0000)
  object space 86912K, 16% used [0x00000000c0000000,0x00000000c0e67340,0x00000000c54e0000)
 PSPermGen       total 21248K, used 7338K [0x00000000bae00000, 0x00000000bc2c0000, 0x00000000c0000000)
  object space 21248K, 34% used [0x00000000bae00000,0x00000000bb52a900,0x00000000bc2c0000)
}

